<?xml version="1.0" encoding="UTF-8"?>
<!-- Generated by org.testng.reporters.JUnitXMLReporter -->
<testsuite hostname="LAPTOP-F9QTKEKL" ignored="0" name="ChromeTest" tests="1" failures="0" timestamp="2022-09-29T19:12:50 IST" time="8.961" errors="0">
  <testcase name="@BeforeMethod verifyLoginPage" time="0.058" classname="com.test.MainTest">
    <failure type="java.io.FileNotFoundException" message="C:\Users\hp\eclipse-workspace\June2020\TestData\TestingData.XLSX (The system cannot find the path specified)">
      <![CDATA[java.io.FileNotFoundException: C:\Users\hp\eclipse-workspace\June2020\TestData\TestingData.XLSX (The system cannot find the path specified)
at java.io.FileInputStream.open0(Native Method)
at java.io.FileInputStream.open(Unknown Source)
at java.io.FileInputStream.<init>(Unknown Source)
at java.io.FileInputStream.<init>(Unknown Source)
at com.utility.Utility.getdatafromexcel(Utility.java:33)
at com.test.MainTest.verifyLoginPage(MainTest.java:57)
at java.util.ArrayList.forEach(Unknown Source)
... Removed 31 stack frames]]>
    </failure>
  </testcase> <!-- @BeforeMethod verifyLoginPage -->
  <testcase name="@AfterMethod verifylogoutpage" time="-1.664458969997E9" classname="com.test.MainTest">
    <skipped/>
  </testcase> <!-- @AfterMethod verifylogoutpage -->
  <testcase name="@AfterTest closebrowser" time="-1.664458970007E9" classname="com.test.MainTest">
    <skipped/>
  </testcase> <!-- @AfterTest closebrowser -->
  <testcase name="verifyBackPackTab" time="0.0" classname="com.test.MainTest">
    <skipped/>
  </testcase> <!-- verifyBackPackTab -->
</testsuite> <!-- ChromeTest -->
